#
# There is insufficient memory for the Java Runtime Environment to continue.
# Native memory allocation (malloc) failed to allocate 32744 bytes for ChunkPool::allocate
# Possible reasons:
#   The system is out of physical RAM or swap space
#   In 32 bit mode, the process size limit was hit
# Possible solutions:
#   Reduce memory load on the system
#   Increase physical memory or swap space
#   Check if swap backing store is full
#   Use 64 bit Java on a 64 bit OS
#   Decrease Java heap size (-Xmx/-Xms)
#   Decrease number of Java threads
#   Decrease Java thread stack sizes (-Xss)
#   Set larger code cache with -XX:ReservedCodeCacheSize=
# This output file may be truncated or incomplete.
#
#  Out of Memory Error (allocation.cpp:273), pid=6748, tid=0x000000000000303c
#
# JRE version: OpenJDK Runtime Environment (8.0_152-b01) (build 1.8.0_152-release-915-b01)
# Java VM: OpenJDK 64-Bit Server VM (25.152-b01 mixed mode windows-amd64 compressed oops)
# Failed to write core dump. Minidumps are not enabled by default on client versions of Windows
#

---------------  T H R E A D  ---------------

Current thread (0x0000000016094800):  JavaThread "C2 CompilerThread1" daemon [_thread_in_native, id=12348, stack(0x0000000016740000,0x0000000016840000)]

Stack: [0x0000000016740000,0x0000000016840000]
[error occurred during error reporting (printing stack bounds), id 0xc0000005]

Native frames: (J=compiled Java code, j=interpreted, Vv=VM code, C=native code)


Current CompileTask:
C2:   1055  850       4       org.objectweb.asm.ClassReader::a (3587 bytes)


---------------  P R O C E S S  ---------------

Java Threads: ( => current thread )
  0x00000000160c4800 JavaThread "Service Thread" daemon [_thread_blocked, id=13388, stack(0x0000000016940000,0x0000000016a40000)]
  0x0000000016097000 JavaThread "C1 CompilerThread2" daemon [_thread_in_native, id=6308, stack(0x0000000016840000,0x0000000016940000)]
=>0x0000000016094800 JavaThread "C2 CompilerThread1" daemon [_thread_in_native, id=12348, stack(0x0000000016740000,0x0000000016840000)]
  0x0000000014cdb000 JavaThread "C2 CompilerThread0" daemon [_thread_in_native, id=1600, stack(0x0000000016640000,0x0000000016740000)]
  0x0000000014cda800 JavaThread "Attach Listener" daemon [_thread_blocked, id=5400, stack(0x0000000016540000,0x0000000016640000)]
  0x0000000014c8e800 JavaThread "Signal Dispatcher" daemon [_thread_blocked, id=7308, stack(0x0000000016440000,0x0000000016540000)]
  0x0000000004918800 JavaThread "Finalizer" daemon [_thread_blocked, id=6352, stack(0x0000000015ee0000,0x0000000015fe0000)]
  0x0000000004913000 JavaThread "Reference Handler" daemon [_thread_blocked, id=9876, stack(0x0000000015de0000,0x0000000015ee0000)]
  0x0000000004823800 JavaThread "main" [_thread_in_Java, id=4888, stack(0x0000000004310000,0x0000000004410000)]

Other Threads:
  0x0000000014c45800 VMThread [stack: 0x0000000015ce0000,0x0000000015de0000] [id=2796]
  0x00000000160c5000 WatcherThread [stack: 0x0000000016a40000,0x0000000016b40000] [id=13328]

VM state:not at safepoint (normal execution)

VM Mutex/Monitor currently owned by a thread: None

Heap:
 PSYoungGen      total 18944K, used 17402K [0x00000000feb00000, 0x0000000100000000, 0x0000000100000000)
  eden space 16384K, 90% used [0x00000000feb00000,0x00000000ff980bd8,0x00000000ffb00000)
  from space 2560K, 99% used [0x00000000ffb00000,0x00000000ffd7e020,0x00000000ffd80000)
  to   space 2560K, 0% used [0x00000000ffd80000,0x00000000ffd80000,0x0000000100000000)
 ParOldGen       total 44032K, used 1479K [0x00000000fc000000, 0x00000000feb00000, 0x00000000feb00000)
  object space 44032K, 3% used [0x00000000fc000000,0x00000000fc171d90,0x00000000feb00000)
 Metaspace       used 7561K, capacity 7720K, committed 7936K, reserved 1056768K
  class space    used 872K, capacity 956K, committed 1024K, reserved 1048576K

Card table byte_map: [0x0000000004440000,0x0000000004470000] byte_map_base: 0x0000000003c60000

Marking Bits: (ParMarkBitMap*) 0x00000000725c3950
 Begin Bits: [0x00000000140e0000, 0x00000000141e0000)
 End Bits:   [0x00000000141e0000, 0x00000000142e0000)

Polling page: 0x0000000002770000

CodeCache: size=245760Kb used=3379Kb max_used=3385Kb free=242380Kb
 bounds [0x0000000004920000, 0x0000000004c80000, 0x0000000013920000]
 total_blobs=1200 nmethods=865 adapters=248
 compilation: enabled

Compilation events (10 events):
Event: 1.050 Thread 0x0000000016097000 nmethod 862 0x0000000004c6ba10 code [0x0000000004c6bc00, 0x0000000004c6c4f0]
Event: 1.050 Thread 0x0000000016097000  864       3       org.objectweb.asm.ClassVisitor::visit (24 bytes)
Event: 1.050 Thread 0x0000000016097000 nmethod 864 0x0000000004c56ad0 code [0x0000000004c56c40, 0x0000000004c56ea8]
Event: 1.050 Thread 0x0000000016097000  865       3       org.objectweb.asm.ClassVisitor::visitEnd (15 bytes)
Event: 1.050 Thread 0x0000000016097000 nmethod 865 0x0000000004c6c8d0 code [0x0000000004c6ca40, 0x0000000004c6cca8]
Event: 1.050 Thread 0x0000000016097000  867       3       java.util.zip.ZipOutputStream::writeInt (69 bytes)
Event: 1.051 Thread 0x0000000016097000 nmethod 867 0x0000000004c6cd50 code [0x0000000004c6cee0, 0x0000000004c6d3b8]
Event: 1.051 Thread 0x0000000016097000  871       3       org.objectweb.asm.MethodWriter::a (1609 bytes)
Event: 1.051 Thread 0x0000000014cdb000  872       4       org.objectweb.asm.ByteVector::b (64 bytes)
Event: 1.052 Thread 0x0000000014cdb000 nmethod 872 0x0000000004c70250 code [0x0000000004c703a0, 0x0000000004c70548]

GC Heap History (2 events):
Event: 0.676 GC heap before
{Heap before GC invocations=1 (full 0):
 PSYoungGen      total 18944K, used 16384K [0x00000000feb00000, 0x0000000100000000, 0x0000000100000000)
  eden space 16384K, 100% used [0x00000000feb00000,0x00000000ffb00000,0x00000000ffb00000)
  from space 2560K, 0% used [0x00000000ffd80000,0x00000000ffd80000,0x0000000100000000)
  to   space 2560K, 0% used [0x00000000ffb00000,0x00000000ffb00000,0x00000000ffd80000)
 ParOldGen       total 44032K, used 0K [0x00000000fc000000, 0x00000000feb00000, 0x00000000feb00000)
  object space 44032K, 0% used [0x00000000fc000000,0x00000000fc000000,0x00000000feb00000)
 Metaspace       used 6597K, capacity 6746K, committed 7040K, reserved 1056768K
  class space    used 772K, capacity 823K, committed 896K, reserved 1048576K
Event: 0.680 GC heap after
Heap after GC invocations=1 (full 0):
 PSYoungGen      total 18944K, used 2552K [0x00000000feb00000, 0x0000000100000000, 0x0000000100000000)
  eden space 16384K, 0% used [0x00000000feb00000,0x00000000feb00000,0x00000000ffb00000)
  from space 2560K, 99% used [0x00000000ffb00000,0x00000000ffd7e020,0x00000000ffd80000)
  to   space 2560K, 0% used [0x00000000ffd80000,0x00000000ffd80000,0x0000000100000000)
 ParOldGen       total 44032K, used 1479K [0x00000000fc000000, 0x00000000feb00000, 0x00000000feb00000)
  object space 44032K, 3% used [0x00000000fc000000,0x00000000fc171d90,0x00000000feb00000)
 Metaspace       used 6597K, capacity 6746K, committed 7040K, reserved 1056768K
  class space    used 772K, capacity 823K, committed 896K, reserved 1048576K
}

Deoptimization events (10 events):
Event: 0.633 Thread 0x0000000004823800 Uncommon trap: reason=unstable_if action=reinterpret pc=0x0000000004b544c8 method=java.util.zip.ZipCoder.decoder()Ljava/nio/charset/CharsetDecoder; @ 4
Event: 0.633 Thread 0x0000000004823800 Uncommon trap: reason=unstable_if action=reinterpret pc=0x0000000004b50f18 method=java.util.zip.ZipEntry.setExtra0([BZ)V @ 1
Event: 0.633 Thread 0x0000000004823800 Uncommon trap: reason=unstable_if action=reinterpret pc=0x0000000004b5556c method=java.util.zip.ZipFile$ZipEntryIterator.hasNext()Z @ 25
Event: 0.633 Thread 0x0000000004823800 Uncommon trap: reason=unstable_if action=reinterpret pc=0x0000000004b506b0 method=java.util.zip.ZipCoder.decoder()Ljava/nio/charset/CharsetDecoder; @ 4
Event: 0.695 Thread 0x0000000004823800 Uncommon trap: reason=unstable_if action=reinterpret pc=0x0000000004b60a30 method=java.util.zip.ZipCoder.decoder()Ljava/nio/charset/CharsetDecoder; @ 4
Event: 0.699 Thread 0x0000000004823800 Uncommon trap: reason=unstable_if action=reinterpret pc=0x0000000004b70608 method=java.util.HashMap$HashIterator.nextNode()Ljava/util/HashMap$Node; @ 74
Event: 0.719 Thread 0x0000000004823800 Uncommon trap: reason=unstable_if action=reinterpret pc=0x0000000004b6e5c8 method=java.util.HashMap$HashIterator.nextNode()Ljava/util/HashMap$Node; @ 74
Event: 0.810 Thread 0x0000000004823800 Uncommon trap: reason=unloaded action=reinterpret pc=0x0000000004b63dfc method=java.util.zip.ZipEntry.setExtra0([BZ)V @ 37
Event: 0.917 Thread 0x0000000004823800 Uncommon trap: reason=unstable_if action=reinterpret pc=0x0000000004ac18f0 method=java.lang.String.<init>([CII)V @ 18
Event: 1.034 Thread 0x0000000004823800 Uncommon trap: reason=unstable_if action=reinterpret pc=0x0000000004c1c3a4 method=org.objectweb.asm.Item.a(Lorg/objectweb/asm/Item;)Z @ 345

Classes redefined (0 events):
No events

Internal exceptions (10 events):
Event: 0.695 Thread 0x0000000004823800 Implicit null exception at 0x0000000004b6008b to 0x0000000004b60a11
Event: 0.716 Thread 0x0000000004823800 Exception <a 'sun/nio/fs/WindowsException'> (0x00000000ff21e840) thrown at [D:\src\AOSP-openjdk-cygwin\jdk8u\hotspot\src\share\vm\prims\jni.cpp, line 709]
Event: 0.716 Thread 0x0000000004823800 Exception <a 'sun/nio/fs/WindowsException'> (0x00000000ff21ee10) thrown at [D:\src\AOSP-openjdk-cygwin\jdk8u\hotspot\src\share\vm\prims\jni.cpp, line 709]
Event: 0.716 Thread 0x0000000004823800 Exception <a 'sun/nio/fs/WindowsException'> (0x00000000ff21f3e8) thrown at [D:\src\AOSP-openjdk-cygwin\jdk8u\hotspot\src\share\vm\prims\jni.cpp, line 709]
Event: 0.716 Thread 0x0000000004823800 Exception <a 'sun/nio/fs/WindowsException'> (0x00000000ff21fbb8) thrown at [D:\src\AOSP-openjdk-cygwin\jdk8u\hotspot\src\share\vm\prims\jni.cpp, line 709]
Event: 0.716 Thread 0x0000000004823800 Exception <a 'sun/nio/fs/WindowsException'> (0x00000000ff220168) thrown at [D:\src\AOSP-openjdk-cygwin\jdk8u\hotspot\src\share\vm\prims\jni.cpp, line 709]
Event: 0.716 Thread 0x0000000004823800 Exception <a 'sun/nio/fs/WindowsException'> (0x00000000ff220918) thrown at [D:\src\AOSP-openjdk-cygwin\jdk8u\hotspot\src\share\vm\prims\jni.cpp, line 709]
Event: 0.757 Thread 0x0000000004823800 Exception <a 'sun/nio/fs/WindowsException'> (0x00000000ff225cf0) thrown at [D:\src\AOSP-openjdk-cygwin\jdk8u\hotspot\src\share\vm\prims\jni.cpp, line 709]
Event: 0.823 Thread 0x0000000004823800 Exception <a 'sun/nio/fs/WindowsException'> (0x00000000ff426b80) thrown at [D:\src\AOSP-openjdk-cygwin\jdk8u\hotspot\src\share\vm\prims\jni.cpp, line 709]
Event: 0.823 Thread 0x0000000004823800 Exception <a 'sun/nio/fs/WindowsException'> (0x00000000ff4270f8) thrown at [D:\src\AOSP-openjdk-cygwin\jdk8u\hotspot\src\share\vm\prims\jni.cpp, line 709]

Events (10 events):
Event: 0.917 Thread 0x0000000004823800 DEOPT PACKING pc=0x0000000004ac18f0 sp=0x000000000440ec10
Event: 0.917 Thread 0x0000000004823800 DEOPT UNPACKING pc=0x000000000496556a sp=0x000000000440ebd8 mode 2
Event: 1.000 loading class org/objectweb/asm/tree/TryCatchBlockNode
Event: 1.000 loading class org/objectweb/asm/tree/TryCatchBlockNode done
Event: 1.001 loading class org/objectweb/asm/Handler
Event: 1.001 loading class org/objectweb/asm/Handler done
Event: 1.034 Thread 0x0000000004823800 Uncommon trap: trap_request=0xffffff65 fr.pc=0x0000000004c1c3a4
Event: 1.034 Thread 0x0000000004823800 DEOPT PACKING pc=0x0000000004c1c3a4 sp=0x000000000440e760
Event: 1.034 Thread 0x0000000004823800 DEOPT UNPACKING pc=0x000000000496556a sp=0x000000000440e6f8 mode 2
Event: 1.053 loading class java/util/Vector$Itr


Dynamic libraries:
0x00007ff786610000 - 0x00007ff786641000 	C:\Program Files\Android\Android Studio\jre\bin\java.exe
0x00007ffaec400000 - 0x00007ffaec5e0000 	C:\WINDOWS\SYSTEM32\ntdll.dll
0x00007ffae9f90000 - 0x00007ffaea03e000 	C:\WINDOWS\System32\KERNEL32.DLL
0x00007ffae9510000 - 0x00007ffae9776000 	C:\WINDOWS\System32\KERNELBASE.dll
0x00007ffaec210000 - 0x00007ffaec2b1000 	C:\WINDOWS\System32\ADVAPI32.dll
0x00007ffaec0a0000 - 0x00007ffaec13d000 	C:\WINDOWS\System32\msvcrt.dll
0x00007ffaec140000 - 0x00007ffaec19b000 	C:\WINDOWS\System32\sechost.dll
0x00007ffaea940000 - 0x00007ffaeaa5f000 	C:\WINDOWS\System32\RPCRT4.dll
0x00007ffaeaad0000 - 0x00007ffaeac5f000 	C:\WINDOWS\System32\USER32.dll
0x00007ffae9780000 - 0x00007ffae97a0000 	C:\WINDOWS\System32\win32u.dll
0x00007ffaec1a0000 - 0x00007ffaec1c8000 	C:\WINDOWS\System32\GDI32.dll
0x00007ffae8800000 - 0x00007ffae8993000 	C:\WINDOWS\System32\gdi32full.dll
0x00007ffae8a50000 - 0x00007ffae8aeb000 	C:\WINDOWS\System32\msvcp_win.dll
0x00007ffae8af0000 - 0x00007ffae8be6000 	C:\WINDOWS\System32\ucrtbase.dll
0x00007ffae0360000 - 0x00007ffae05c9000 	C:\WINDOWS\WinSxS\amd64_microsoft.windows.common-controls_6595b64144ccf1df_6.0.16299.192_none_15c8cdae9364c23b\COMCTL32.dll
0x00007ffaea610000 - 0x00007ffaea918000 	C:\WINDOWS\System32\combase.dll
0x00007ffae9850000 - 0x00007ffae98c2000 	C:\WINDOWS\System32\bcryptPrimitives.dll
0x00007ffaec1e0000 - 0x00007ffaec20d000 	C:\WINDOWS\System32\IMM32.DLL
0x0000000072f40000 - 0x0000000073012000 	C:\Program Files\Android\Android Studio\jre\jre\bin\msvcr100.dll
0x0000000071e00000 - 0x000000007263e000 	C:\Program Files\Android\Android Studio\jre\jre\bin\server\jvm.dll
0x00007ffae9da0000 - 0x00007ffae9da8000 	C:\WINDOWS\System32\PSAPI.DLL
0x00007ffad7910000 - 0x00007ffad7919000 	C:\WINDOWS\SYSTEM32\WSOCK32.dll
0x00007ffaeaa60000 - 0x00007ffaeaacc000 	C:\WINDOWS\System32\WS2_32.dll
0x00007ffadb190000 - 0x00007ffadb1b3000 	C:\WINDOWS\SYSTEM32\WINMM.dll
0x00007ffae0fb0000 - 0x00007ffae0fba000 	C:\WINDOWS\SYSTEM32\VERSION.dll
0x00007ffadb030000 - 0x00007ffadb05a000 	C:\WINDOWS\SYSTEM32\WINMMBASE.dll
0x00007ffae89a0000 - 0x00007ffae89ea000 	C:\WINDOWS\System32\cfgmgr32.dll
0x00007ffae3f00000 - 0x00007ffae3f0f000 	C:\Program Files\Android\Android Studio\jre\jre\bin\verify.dll
0x00007ffad8e80000 - 0x00007ffad8ea9000 	C:\Program Files\Android\Android Studio\jre\jre\bin\java.dll
0x00007ffada250000 - 0x00007ffada266000 	C:\Program Files\Android\Android Studio\jre\jre\bin\zip.dll
0x00007ffaeac60000 - 0x00007ffaec096000 	C:\WINDOWS\System32\SHELL32.dll
0x00007ffae9ee0000 - 0x00007ffae9f86000 	C:\WINDOWS\System32\shcore.dll
0x00007ffae8bf0000 - 0x00007ffae9337000 	C:\WINDOWS\System32\windows.storage.dll
0x00007ffae9db0000 - 0x00007ffae9e01000 	C:\WINDOWS\System32\shlwapi.dll
0x00007ffae87c0000 - 0x00007ffae87d1000 	C:\WINDOWS\System32\kernel.appcore.dll
0x00007ffae8750000 - 0x00007ffae879c000 	C:\WINDOWS\System32\powrprof.dll
0x00007ffae87a0000 - 0x00007ffae87bb000 	C:\WINDOWS\System32\profapi.dll
0x00007ffae8140000 - 0x00007ffae8157000 	C:\WINDOWS\SYSTEM32\CRYPTSP.dll
0x00007ffae7b90000 - 0x00007ffae7bc3000 	C:\WINDOWS\system32\rsaenh.dll
0x00007ffae8250000 - 0x00007ffae8275000 	C:\WINDOWS\SYSTEM32\bcrypt.dll
0x00007ffae8680000 - 0x00007ffae86a9000 	C:\WINDOWS\SYSTEM32\USERENV.dll
0x00007ffae8160000 - 0x00007ffae816b000 	C:\WINDOWS\SYSTEM32\CRYPTBASE.dll
0x00007ffad89e0000 - 0x00007ffad89fa000 	C:\Program Files\Android\Android Studio\jre\jre\bin\net.dll
0x00007ffae7f80000 - 0x00007ffae7fe6000 	C:\WINDOWS\system32\mswsock.dll
0x00007ffae7d10000 - 0x00007ffae7d49000 	C:\WINDOWS\SYSTEM32\IPHLPAPI.DLL
0x00007ffae9e10000 - 0x00007ffae9e18000 	C:\WINDOWS\System32\NSI.dll
0x00007ffae4d70000 - 0x00007ffae4d86000 	C:\WINDOWS\SYSTEM32\dhcpcsvc6.DLL
0x00007ffae4bf0000 - 0x00007ffae4c0a000 	C:\WINDOWS\SYSTEM32\dhcpcsvc.DLL
0x00007ffad8610000 - 0x00007ffad8621000 	C:\Program Files\Android\Android Studio\jre\jre\bin\nio.dll

VM Arguments:
jvm_args: -Djava.awt.headless=true -Xmx64M -Dfile.encoding=GBK -Duser.country=CN -Duser.language=zh -Duser.variant 
java_command: com.google.devtools.build.android.desugar.Desugar --input C:\kb260\kb261\kbUtils\app\build\intermediates\transforms\stackFramesFixer\debug\15.jar --output C:\kb260\kb261\kbUtils\app\build\intermediates\transforms\desugar\debug\16.jar --input C:\kb260\kb261\kbUtils\app\build\intermediates\transforms\stackFramesFixer\debug\4.jar --output C:\kb260\kb261\kbUtils\app\build\intermediates\transforms\desugar\debug\5.jar --input C:\kb260\kb261\kbUtils\app\build\intermediates\transforms\stackFramesFixer\debug\10.jar --output C:\kb260\kb261\kbUtils\app\build\intermediates\transforms\desugar\debug\11.jar --input C:\kb260\kb261\kbUtils\app\build\intermediates\transforms\stackFramesFixer\debug\13.jar --output C:\kb260\kb261\kbUtils\app\build\intermediates\transforms\desugar\debug\14.jar --input C:\kb260\kb261\kbUtils\app\build\intermediates\transforms\stackFramesFixer\debug\11.jar --output C:\kb260\kb261\kbUtils\app\build\intermediates\transforms\desugar\debug\12.jar --classpath_entry C:\kb260\kb261\kbUtils\app\build\intermediates\classes\debug --classpath_entry C:\kb260\kb261\kbUtils\app\build\intermediates\transforms\stackFramesFixer\debug\0.jar --classpath_entry C:\kb260\kb261\kbUtils\app\build\intermediates\transforms\stackFramesFixer\debug\1.jar --classpath_entry C:\kb260\kb261\kbUtils\app\build\intermediates\transforms\stackFramesFixer\debug\2.jar --classpath_entry C:\kb260\kb261\kbUtils\app\build\intermediates\transforms\stackFramesFixer\debug\3.jar --classpath_entry C:\kb260\kb261\kbUtils\app\build\intermediates\transforms\stackFramesFixer\debug\4.jar --classpath_entry C:\kb260\kb261\kbUtils\app\build\intermediates\transforms\stackFramesFixer\debug\5.jar --classpath_entry C:\kb260\kb261\kbUtils\app\build\intermediates\transforms\stackFramesFixer\debug\6.jar --classpath_entry C:\kb260\kb261\kbUtils\app\build\intermediates\transforms\stackFramesFixer\debug\7.jar --classpath_entry C:\kb260\kb261\kbUtils\app\build\intermediates\transforms\stackFramesFixer\debu
java_class_path (initial): C:\Users\work2\AppData\Local\Temp\desugar_deploy.jar3112497366731592761
Launcher Type: SUN_STANDARD

Environment Variables:
JAVA_HOME=C:\Program Files\Java\jdk1.8.0_144
CLASSPATH=C:\Program Files\Java\jdk1.8.0_144\lib\dt.jar;C:\Program Files\Java\jdk1.8.0_144\lib\tools.jar
PATH=C:\Program Files (x86)\Intel\iCLS Client\;C:\ProgramData\Oracle\Java\javapath;C:\Program Files\Intel\iCLS Client\;C:\WINDOWS\system32;C:\WINDOWS;C:\WINDOWS\System32\Wbem;C:\WINDOWS\System32\WindowsPowerShell\v1.0\;C:\Program Files\Java\jdk1.8.0_144\bin;C:\Program Files\Java\jdk1.8.0_144\jre\bin;C:\Program Files\Git\cmd;C:\Program Files (x86)\Intel\Intel(R) Management Engine Components\DAL;C:\Program Files\Intel\Intel(R) Management Engine Components\DAL;C:\Program Files (x86)\Intel\Intel(R) Management Engine Components\IPT;C:\Program Files\Intel\Intel(R) Management Engine Components\IPT;C:\Users\work2\AppData\Local\Programs\Python\Python36\Scripts\;C:\Users\work2\AppData\Local\Programs\Python\Python36\;C:\Users\work2\AppData\Local\Microsoft\WindowsApps;C:\Users\work2\AppData\Local\Android\sdk\platform-tools;C:\Users\work2\AppData\Local\Android\sdk\tools
USERNAME=work2
OS=Windows_NT
PROCESSOR_IDENTIFIER=Intel64 Family 6 Model 158 Stepping 9, GenuineIntel



---------------  S Y S T E M  ---------------

OS: Windows 10.0 , 64 bit Build 16299 (10.0.16299.15)

CPU:total 4 (initial active 4) (4 cores per cpu, 1 threads per core) family 6 model 158 stepping 9, cmov, cx8, fxsr, mmx, sse, sse2, sse3, ssse3, sse4.1, sse4.2, popcnt, avx, avx2, aes, clmul, erms, rtm, 3dnowpref, lzcnt, tsc, tscinvbit, bmi1, bmi2, adx

Memory: 4k page, physical 8281304k(800940k free), swap 12475608k(4128k free)

vm_info: OpenJDK 64-Bit Server VM (25.152-b01) for windows-amd64 JRE (1.8.0_152-release-915-b01), built by "builder" with MS VC++ 10.0 (VS2010)

time: Tue Jan 09 17:54:52 2018
elapsed time: 1 seconds (0d 0h 0m 1s)

