#
# There is insufficient memory for the Java Runtime Environment to continue.
# Native memory allocation (malloc) failed to allocate 822816 bytes for Chunk::new
# Possible reasons:
#   The system is out of physical RAM or swap space
#   In 32 bit mode, the process size limit was hit
# Possible solutions:
#   Reduce memory load on the system
#   Increase physical memory or swap space
#   Check if swap backing store is full
#   Use 64 bit Java on a 64 bit OS
#   Decrease Java heap size (-Xmx/-Xms)
#   Decrease number of Java threads
#   Decrease Java thread stack sizes (-Xss)
#   Set larger code cache with -XX:ReservedCodeCacheSize=
# This output file may be truncated or incomplete.
#
#  Out of Memory Error (allocation.cpp:390), pid=1124, tid=0x0000000000003540
#
# JRE version: OpenJDK Runtime Environment (8.0_152-b01) (build 1.8.0_152-release-915-b01)
# Java VM: OpenJDK 64-Bit Server VM (25.152-b01 mixed mode windows-amd64 compressed oops)
# Failed to write core dump. Minidumps are not enabled by default on client versions of Windows
#

---------------  T H R E A D  ---------------

Current thread (0x000000001690d800):  JavaThread "C2 CompilerThread1" daemon [_thread_in_native, id=13632, stack(0x0000000016fb0000,0x00000000170b0000)]

Stack: [0x0000000016fb0000,0x00000000170b0000]
[error occurred during error reporting (printing stack bounds), id 0xc0000005]

Native frames: (J=compiled Java code, j=interpreted, Vv=VM code, C=native code)


Current CompileTask:
C2:    898  831       4       org.objectweb.asm.ClassReader::a (3587 bytes)


---------------  P R O C E S S  ---------------

Java Threads: ( => current thread )
  0x0000000016914800 JavaThread "Service Thread" daemon [_thread_blocked, id=11664, stack(0x00000000171b0000,0x00000000172b0000)]
  0x0000000016910000 JavaThread "C1 CompilerThread2" daemon [_thread_blocked, id=11696, stack(0x00000000170b0000,0x00000000171b0000)]
=>0x000000001690d800 JavaThread "C2 CompilerThread1" daemon [_thread_in_native, id=13632, stack(0x0000000016fb0000,0x00000000170b0000)]
  0x0000000015560800 JavaThread "C2 CompilerThread0" daemon [_thread_blocked, id=8592, stack(0x0000000016eb0000,0x0000000016fb0000)]
  0x00000000168bb000 JavaThread "Attach Listener" daemon [_thread_blocked, id=13448, stack(0x0000000016db0000,0x0000000016eb0000)]
  0x00000000168b8800 JavaThread "Signal Dispatcher" daemon [_thread_blocked, id=11872, stack(0x0000000016cb0000,0x0000000016db0000)]
  0x0000000015539800 JavaThread "Finalizer" daemon [_thread_blocked, id=13888, stack(0x00000000167b0000,0x00000000168b0000)]
  0x00000000051e3000 JavaThread "Reference Handler" daemon [_thread_blocked, id=8608, stack(0x00000000166b0000,0x00000000167b0000)]
  0x00000000050f3800 JavaThread "main" [_thread_in_vm, id=10912, stack(0x0000000004ff0000,0x00000000050f0000)]

Other Threads:
  0x0000000015515800 VMThread [stack: 0x00000000165b0000,0x00000000166b0000] [id=5520]
  0x0000000016915800 WatcherThread [stack: 0x00000000172b0000,0x00000000173b0000] [id=5464]

VM state:not at safepoint (normal execution)

VM Mutex/Monitor currently owned by a thread:  ([mutex/lock_event])
[0x00000000050f2060] CompiledIC_lock - owner thread: 0x00000000050f3800

Heap:
 PSYoungGen      total 18944K, used 5268K [0x00000000feb00000, 0x0000000100000000, 0x0000000100000000)
  eden space 16384K, 16% used [0x00000000feb00000,0x00000000feda8b28,0x00000000ffb00000)
  from space 2560K, 99% used [0x00000000ffd80000,0x00000000ffffc7f0,0x0000000100000000)
  to   space 2560K, 0% used [0x00000000ffb00000,0x00000000ffb00000,0x00000000ffd80000)
 ParOldGen       total 44032K, used 4883K [0x00000000fc000000, 0x00000000feb00000, 0x00000000feb00000)
  object space 44032K, 11% used [0x00000000fc000000,0x00000000fc4c4ee8,0x00000000feb00000)
 Metaspace       used 7583K, capacity 7784K, committed 7936K, reserved 1056768K
  class space    used 871K, capacity 956K, committed 1024K, reserved 1048576K

Card table byte_map: [0x0000000004b70000,0x0000000004ba0000] byte_map_base: 0x0000000004390000

Marking Bits: (ParMarkBitMap*) 0x00000000725c3950
 Begin Bits: [0x00000000149b0000, 0x0000000014ab0000)
 End Bits:   [0x0000000014ab0000, 0x0000000014bb0000)

Polling page: 0x00000000030a0000

CodeCache: size=245760Kb used=3474Kb max_used=3486Kb free=242285Kb
 bounds [0x00000000051f0000, 0x0000000005560000, 0x00000000141f0000]
 total_blobs=1233 nmethods=899 adapters=248
 compilation: enabled

Compilation events (10 events):
Event: 0.875 Thread 0x0000000016910000 nmethod 898 0x0000000005554950 code [0x0000000005554aa0, 0x0000000005554bb0]
Event: 0.875 Thread 0x0000000016910000  899       1       sun.util.calendar.CalendarDate::isNormalized (5 bytes)
Event: 0.875 Thread 0x0000000016910000 nmethod 899 0x0000000005554c10 code [0x0000000005554d60, 0x0000000005554e70]
Event: 0.875 Thread 0x0000000016910000  897       1       com.google.devtools.build.android.desugar.CoreLibraryRewriter::access$000 (5 bytes)
Event: 0.875 Thread 0x0000000016910000 nmethod 897 0x0000000005554ed0 code [0x0000000005555020, 0x0000000005555110]
Event: 0.875 Thread 0x0000000016910000  867       1       java.nio.Buffer::capacity (5 bytes)
Event: 0.875 Thread 0x0000000016910000 nmethod 867 0x0000000005555190 code [0x00000000055552e0, 0x00000000055553f0]
Event: 0.876 Thread 0x0000000015560800 nmethod 890 0x00000000055587d0 code [0x0000000005558960, 0x00000000055590d8]
Event: 0.876 Thread 0x0000000015560800  900       4       sun.nio.cs.UTF_8$Encoder::encode (359 bytes)
Event: 0.878 Thread 0x0000000015560800 nmethod 900 0x0000000005555450 code [0x00000000055555a0, 0x00000000055557f8]

GC Heap History (4 events):
Event: 0.572 GC heap before
{Heap before GC invocations=1 (full 0):
 PSYoungGen      total 18944K, used 16384K [0x00000000feb00000, 0x0000000100000000, 0x0000000100000000)
  eden space 16384K, 100% used [0x00000000feb00000,0x00000000ffb00000,0x00000000ffb00000)
  from space 2560K, 0% used [0x00000000ffd80000,0x00000000ffd80000,0x0000000100000000)
  to   space 2560K, 0% used [0x00000000ffb00000,0x00000000ffb00000,0x00000000ffd80000)
 ParOldGen       total 44032K, used 0K [0x00000000fc000000, 0x00000000feb00000, 0x00000000feb00000)
  object space 44032K, 0% used [0x00000000fc000000,0x00000000fc000000,0x00000000feb00000)
 Metaspace       used 6615K, capacity 6810K, committed 7040K, reserved 1056768K
  class space    used 772K, capacity 823K, committed 896K, reserved 1048576K
Event: 0.578 GC heap after
Heap after GC invocations=1 (full 0):
 PSYoungGen      total 18944K, used 2552K [0x00000000feb00000, 0x0000000100000000, 0x0000000100000000)
  eden space 16384K, 0% used [0x00000000feb00000,0x00000000feb00000,0x00000000ffb00000)
  from space 2560K, 99% used [0x00000000ffb00000,0x00000000ffd7e020,0x00000000ffd80000)
  to   space 2560K, 0% used [0x00000000ffd80000,0x00000000ffd80000,0x0000000100000000)
 ParOldGen       total 44032K, used 1464K [0x00000000fc000000, 0x00000000feb00000, 0x00000000feb00000)
  object space 44032K, 3% used [0x00000000fc000000,0x00000000fc16e1e0,0x00000000feb00000)
 Metaspace       used 6615K, capacity 6810K, committed 7040K, reserved 1056768K
  class space    used 772K, capacity 823K, committed 896K, reserved 1048576K
}
Event: 0.853 GC heap before
{Heap before GC invocations=2 (full 0):
 PSYoungGen      total 18944K, used 18936K [0x00000000feb00000, 0x0000000100000000, 0x0000000100000000)
  eden space 16384K, 100% used [0x00000000feb00000,0x00000000ffb00000,0x00000000ffb00000)
  from space 2560K, 99% used [0x00000000ffb00000,0x00000000ffd7e020,0x00000000ffd80000)
  to   space 2560K, 0% used [0x00000000ffd80000,0x00000000ffd80000,0x0000000100000000)
 ParOldGen       total 44032K, used 1464K [0x00000000fc000000, 0x00000000feb00000, 0x00000000feb00000)
  object space 44032K, 3% used [0x00000000fc000000,0x00000000fc16e1e0,0x00000000feb00000)
 Metaspace       used 7561K, capacity 7720K, committed 7936K, reserved 1056768K
  class space    used 871K, capacity 956K, committed 1024K, reserved 1048576K
Event: 0.858 GC heap after
Heap after GC invocations=2 (full 0):
 PSYoungGen      total 18944K, used 2545K [0x00000000feb00000, 0x0000000100000000, 0x0000000100000000)
  eden space 16384K, 0% used [0x00000000feb00000,0x00000000feb00000,0x00000000ffb00000)
  from space 2560K, 99% used [0x00000000ffd80000,0x00000000ffffc7f0,0x0000000100000000)
  to   space 2560K, 0% used [0x00000000ffb00000,0x00000000ffb00000,0x00000000ffd80000)
 ParOldGen       total 44032K, used 4883K [0x00000000fc000000, 0x00000000feb00000, 0x00000000feb00000)
  object space 44032K, 11% used [0x00000000fc000000,0x00000000fc4c4ee8,0x00000000feb00000)
 Metaspace       used 7561K, capacity 7720K, committed 7936K, reserved 1056768K
  class space    used 871K, capacity 956K, committed 1024K, reserved 1048576K
}

Deoptimization events (10 events):
Event: 0.343 Thread 0x00000000050f3800 Uncommon trap: reason=range_check action=make_not_entrant pc=0x000000000537a1e0 method=sun.reflect.generics.parser.SignatureParser.current()C @ 34
Event: 0.484 Thread 0x00000000050f3800 Uncommon trap: reason=unstable_if action=reinterpret pc=0x0000000005397f78 method=java.lang.String.startsWith(Ljava/lang/String;I)Z @ 25
Event: 0.513 Thread 0x00000000050f3800 Uncommon trap: reason=unstable_if action=reinterpret pc=0x000000000541e06c method=java.util.zip.ZipFile$ZipEntryIterator.hasNext()Z @ 25
Event: 0.513 Thread 0x00000000050f3800 Uncommon trap: reason=unstable_if action=reinterpret pc=0x00000000054252c8 method=java.util.zip.ZipCoder.decoder()Ljava/nio/charset/CharsetDecoder; @ 4
Event: 0.513 Thread 0x00000000050f3800 Uncommon trap: reason=unstable_if action=reinterpret pc=0x0000000005422ad8 method=java.util.zip.ZipEntry.setExtra0([BZ)V @ 1
Event: 0.514 Thread 0x00000000050f3800 Uncommon trap: reason=unstable_if action=reinterpret pc=0x00000000054222b0 method=java.util.zip.ZipCoder.decoder()Ljava/nio/charset/CharsetDecoder; @ 4
Event: 0.591 Thread 0x00000000050f3800 Uncommon trap: reason=unstable_if action=reinterpret pc=0x000000000542d29c method=java.util.zip.ZipCoder.decoder()Ljava/nio/charset/CharsetDecoder; @ 4
Event: 0.591 Thread 0x00000000050f3800 Uncommon trap: reason=unstable_if action=reinterpret pc=0x0000000005431c1c method=java.util.zip.ZipCoder.decoder()Ljava/nio/charset/CharsetDecoder; @ 4
Event: 0.686 Thread 0x00000000050f3800 Uncommon trap: reason=unloaded action=reinterpret pc=0x000000000543317c method=java.util.zip.ZipEntry.setExtra0([BZ)V @ 37
Event: 0.842 Thread 0x00000000050f3800 Uncommon trap: reason=unstable_if action=reinterpret pc=0x00000000054d8b58 method=org.objectweb.asm.Item.a(Lorg/objectweb/asm/Item;)Z @ 345

Classes redefined (0 events):
No events

Internal exceptions (10 events):
Event: 0.591 Thread 0x00000000050f3800 Implicit null exception at 0x0000000005431253 to 0x0000000005431be1
Event: 0.621 Thread 0x00000000050f3800 Exception <a 'sun/nio/fs/WindowsException'> (0x00000000ff21f890) thrown at [D:\src\AOSP-openjdk-cygwin\jdk8u\hotspot\src\share\vm\prims\jni.cpp, line 709]
Event: 0.621 Thread 0x00000000050f3800 Exception <a 'sun/nio/fs/WindowsException'> (0x00000000ff21fe60) thrown at [D:\src\AOSP-openjdk-cygwin\jdk8u\hotspot\src\share\vm\prims\jni.cpp, line 709]
Event: 0.625 Thread 0x00000000050f3800 Exception <a 'sun/nio/fs/WindowsException'> (0x00000000ff220438) thrown at [D:\src\AOSP-openjdk-cygwin\jdk8u\hotspot\src\share\vm\prims\jni.cpp, line 709]
Event: 0.625 Thread 0x00000000050f3800 Exception <a 'sun/nio/fs/WindowsException'> (0x00000000ff220c08) thrown at [D:\src\AOSP-openjdk-cygwin\jdk8u\hotspot\src\share\vm\prims\jni.cpp, line 709]
Event: 0.625 Thread 0x00000000050f3800 Exception <a 'sun/nio/fs/WindowsException'> (0x00000000ff2211b8) thrown at [D:\src\AOSP-openjdk-cygwin\jdk8u\hotspot\src\share\vm\prims\jni.cpp, line 709]
Event: 0.628 Thread 0x00000000050f3800 Exception <a 'sun/nio/fs/WindowsException'> (0x00000000ff221968) thrown at [D:\src\AOSP-openjdk-cygwin\jdk8u\hotspot\src\share\vm\prims\jni.cpp, line 709]
Event: 0.641 Thread 0x00000000050f3800 Exception <a 'sun/nio/fs/WindowsException'> (0x00000000ff226d40) thrown at [D:\src\AOSP-openjdk-cygwin\jdk8u\hotspot\src\share\vm\prims\jni.cpp, line 709]
Event: 0.692 Thread 0x00000000050f3800 Exception <a 'sun/nio/fs/WindowsException'> (0x00000000ff427c20) thrown at [D:\src\AOSP-openjdk-cygwin\jdk8u\hotspot\src\share\vm\prims\jni.cpp, line 709]
Event: 0.692 Thread 0x00000000050f3800 Exception <a 'sun/nio/fs/WindowsException'> (0x00000000ff428198) thrown at [D:\src\AOSP-openjdk-cygwin\jdk8u\hotspot\src\share\vm\prims\jni.cpp, line 709]

Events (10 events):
Event: 0.793 loading class org/objectweb/asm/tree/TryCatchBlockNode done
Event: 0.793 loading class org/objectweb/asm/Handler
Event: 0.793 loading class org/objectweb/asm/Handler done
Event: 0.842 Thread 0x00000000050f3800 Uncommon trap: trap_request=0xffffff65 fr.pc=0x00000000054d8b58
Event: 0.842 Thread 0x00000000050f3800 DEOPT PACKING pc=0x00000000054d8b58 sp=0x00000000050ee860
Event: 0.842 Thread 0x00000000050f3800 DEOPT UNPACKING pc=0x000000000523556a sp=0x00000000050ee7f8 mode 2
Event: 0.853 Executing VM operation: ParallelGCFailedAllocation
Event: 0.858 Executing VM operation: ParallelGCFailedAllocation done
Event: 0.869 Thread 0x00000000050f3800 DEOPT PACKING pc=0x000000000535fb07 sp=0x00000000050eede0
Event: 0.869 Thread 0x00000000050f3800 DEOPT UNPACKING pc=0x00000000052375bf sp=0x00000000050eeb10 mode 0


Dynamic libraries:
0x00007ff786610000 - 0x00007ff786641000 	C:\Program Files\Android\Android Studio\jre\bin\java.exe
0x00007ffaec400000 - 0x00007ffaec5e0000 	C:\WINDOWS\SYSTEM32\ntdll.dll
0x00007ffae9f90000 - 0x00007ffaea03e000 	C:\WINDOWS\System32\KERNEL32.DLL
0x00007ffae9510000 - 0x00007ffae9776000 	C:\WINDOWS\System32\KERNELBASE.dll
0x00007ffaec210000 - 0x00007ffaec2b1000 	C:\WINDOWS\System32\ADVAPI32.dll
0x00007ffaec0a0000 - 0x00007ffaec13d000 	C:\WINDOWS\System32\msvcrt.dll
0x00007ffaec140000 - 0x00007ffaec19b000 	C:\WINDOWS\System32\sechost.dll
0x00007ffaea940000 - 0x00007ffaeaa5f000 	C:\WINDOWS\System32\RPCRT4.dll
0x00007ffaeaad0000 - 0x00007ffaeac5f000 	C:\WINDOWS\System32\USER32.dll
0x00007ffae9780000 - 0x00007ffae97a0000 	C:\WINDOWS\System32\win32u.dll
0x00007ffaec1a0000 - 0x00007ffaec1c8000 	C:\WINDOWS\System32\GDI32.dll
0x00007ffae8800000 - 0x00007ffae8993000 	C:\WINDOWS\System32\gdi32full.dll
0x00007ffae8a50000 - 0x00007ffae8aeb000 	C:\WINDOWS\System32\msvcp_win.dll
0x00007ffae8af0000 - 0x00007ffae8be6000 	C:\WINDOWS\System32\ucrtbase.dll
0x00007ffae0360000 - 0x00007ffae05c9000 	C:\WINDOWS\WinSxS\amd64_microsoft.windows.common-controls_6595b64144ccf1df_6.0.16299.192_none_15c8cdae9364c23b\COMCTL32.dll
0x00007ffaea610000 - 0x00007ffaea918000 	C:\WINDOWS\System32\combase.dll
0x00007ffae9850000 - 0x00007ffae98c2000 	C:\WINDOWS\System32\bcryptPrimitives.dll
0x00007ffaec1e0000 - 0x00007ffaec20d000 	C:\WINDOWS\System32\IMM32.DLL
0x0000000072f40000 - 0x0000000073012000 	C:\Program Files\Android\Android Studio\jre\jre\bin\msvcr100.dll
0x0000000071e00000 - 0x000000007263e000 	C:\Program Files\Android\Android Studio\jre\jre\bin\server\jvm.dll
0x00007ffae9da0000 - 0x00007ffae9da8000 	C:\WINDOWS\System32\PSAPI.DLL
0x00007ffad7910000 - 0x00007ffad7919000 	C:\WINDOWS\SYSTEM32\WSOCK32.dll
0x00007ffaeaa60000 - 0x00007ffaeaacc000 	C:\WINDOWS\System32\WS2_32.dll
0x00007ffadb190000 - 0x00007ffadb1b3000 	C:\WINDOWS\SYSTEM32\WINMM.dll
0x00007ffae0fb0000 - 0x00007ffae0fba000 	C:\WINDOWS\SYSTEM32\VERSION.dll
0x00007ffadb030000 - 0x00007ffadb05a000 	C:\WINDOWS\SYSTEM32\WINMMBASE.dll
0x00007ffae89a0000 - 0x00007ffae89ea000 	C:\WINDOWS\System32\cfgmgr32.dll
0x00007ffae3f00000 - 0x00007ffae3f0f000 	C:\Program Files\Android\Android Studio\jre\jre\bin\verify.dll
0x00007ffad8e80000 - 0x00007ffad8ea9000 	C:\Program Files\Android\Android Studio\jre\jre\bin\java.dll
0x00007ffada250000 - 0x00007ffada266000 	C:\Program Files\Android\Android Studio\jre\jre\bin\zip.dll
0x00007ffaeac60000 - 0x00007ffaec096000 	C:\WINDOWS\System32\SHELL32.dll
0x00007ffae9ee0000 - 0x00007ffae9f86000 	C:\WINDOWS\System32\shcore.dll
0x00007ffae8bf0000 - 0x00007ffae9337000 	C:\WINDOWS\System32\windows.storage.dll
0x00007ffae9db0000 - 0x00007ffae9e01000 	C:\WINDOWS\System32\shlwapi.dll
0x00007ffae87c0000 - 0x00007ffae87d1000 	C:\WINDOWS\System32\kernel.appcore.dll
0x00007ffae8750000 - 0x00007ffae879c000 	C:\WINDOWS\System32\powrprof.dll
0x00007ffae87a0000 - 0x00007ffae87bb000 	C:\WINDOWS\System32\profapi.dll
0x00007ffae8140000 - 0x00007ffae8157000 	C:\WINDOWS\SYSTEM32\CRYPTSP.dll
0x00007ffae7b90000 - 0x00007ffae7bc3000 	C:\WINDOWS\system32\rsaenh.dll
0x00007ffae8250000 - 0x00007ffae8275000 	C:\WINDOWS\SYSTEM32\bcrypt.dll
0x00007ffae8680000 - 0x00007ffae86a9000 	C:\WINDOWS\SYSTEM32\USERENV.dll
0x00007ffae8160000 - 0x00007ffae816b000 	C:\WINDOWS\SYSTEM32\CRYPTBASE.dll
0x00007ffad89e0000 - 0x00007ffad89fa000 	C:\Program Files\Android\Android Studio\jre\jre\bin\net.dll
0x00007ffae7f80000 - 0x00007ffae7fe6000 	C:\WINDOWS\system32\mswsock.dll
0x00007ffae7d10000 - 0x00007ffae7d49000 	C:\WINDOWS\SYSTEM32\IPHLPAPI.DLL
0x00007ffae9e10000 - 0x00007ffae9e18000 	C:\WINDOWS\System32\NSI.dll
0x00007ffae4d70000 - 0x00007ffae4d86000 	C:\WINDOWS\SYSTEM32\dhcpcsvc6.DLL
0x00007ffae4bf0000 - 0x00007ffae4c0a000 	C:\WINDOWS\SYSTEM32\dhcpcsvc.DLL
0x00007ffad8610000 - 0x00007ffad8621000 	C:\Program Files\Android\Android Studio\jre\jre\bin\nio.dll

VM Arguments:
jvm_args: -Djava.awt.headless=true -Xmx64M -Dfile.encoding=GBK -Duser.country=CN -Duser.language=zh -Duser.variant 
java_command: com.google.devtools.build.android.desugar.Desugar --input C:\kb260\kb261\kbUtils\app\build\intermediates\transforms\stackFramesFixer\debug\14.jar --output C:\kb260\kb261\kbUtils\app\build\intermediates\transforms\desugar\debug\15.jar --input C:\kb260\kb261\kbUtils\app\build\intermediates\transforms\stackFramesFixer\debug\5.jar --output C:\kb260\kb261\kbUtils\app\build\intermediates\transforms\desugar\debug\6.jar --input C:\kb260\kb261\kbUtils\app\build\intermediates\transforms\stackFramesFixer\debug\0.jar --output C:\kb260\kb261\kbUtils\app\build\intermediates\transforms\desugar\debug\1.jar --input C:\kb260\kb261\kbUtils\app\build\intermediates\transforms\stackFramesFixer\debug\1.jar --output C:\kb260\kb261\kbUtils\app\build\intermediates\transforms\desugar\debug\2.jar --input C:\kb260\kb261\kbUtils\app\build\intermediates\transforms\stackFramesFixer\debug\17.jar --output C:\kb260\kb261\kbUtils\app\build\intermediates\transforms\desugar\debug\18.jar --classpath_entry C:\kb260\kb261\kbUtils\app\build\intermediates\classes\debug --classpath_entry C:\kb260\kb261\kbUtils\app\build\intermediates\transforms\stackFramesFixer\debug\0.jar --classpath_entry C:\kb260\kb261\kbUtils\app\build\intermediates\transforms\stackFramesFixer\debug\1.jar --classpath_entry C:\kb260\kb261\kbUtils\app\build\intermediates\transforms\stackFramesFixer\debug\2.jar --classpath_entry C:\kb260\kb261\kbUtils\app\build\intermediates\transforms\stackFramesFixer\debug\3.jar --classpath_entry C:\kb260\kb261\kbUtils\app\build\intermediates\transforms\stackFramesFixer\debug\4.jar --classpath_entry C:\kb260\kb261\kbUtils\app\build\intermediates\transforms\stackFramesFixer\debug\5.jar --classpath_entry C:\kb260\kb261\kbUtils\app\build\intermediates\transforms\stackFramesFixer\debug\6.jar --classpath_entry C:\kb260\kb261\kbUtils\app\build\intermediates\transforms\stackFramesFixer\debug\7.jar --classpath_entry C:\kb260\kb261\kbUtils\app\build\intermediates\transforms\stackFramesFixer\debug\8.
java_class_path (initial): C:\Users\work2\AppData\Local\Temp\desugar_deploy.jar3112497366731592761
Launcher Type: SUN_STANDARD

Environment Variables:
JAVA_HOME=C:\Program Files\Java\jdk1.8.0_144
CLASSPATH=C:\Program Files\Java\jdk1.8.0_144\lib\dt.jar;C:\Program Files\Java\jdk1.8.0_144\lib\tools.jar
PATH=C:\Program Files (x86)\Intel\iCLS Client\;C:\ProgramData\Oracle\Java\javapath;C:\Program Files\Intel\iCLS Client\;C:\WINDOWS\system32;C:\WINDOWS;C:\WINDOWS\System32\Wbem;C:\WINDOWS\System32\WindowsPowerShell\v1.0\;C:\Program Files\Java\jdk1.8.0_144\bin;C:\Program Files\Java\jdk1.8.0_144\jre\bin;C:\Program Files\Git\cmd;C:\Program Files (x86)\Intel\Intel(R) Management Engine Components\DAL;C:\Program Files\Intel\Intel(R) Management Engine Components\DAL;C:\Program Files (x86)\Intel\Intel(R) Management Engine Components\IPT;C:\Program Files\Intel\Intel(R) Management Engine Components\IPT;C:\Users\work2\AppData\Local\Programs\Python\Python36\Scripts\;C:\Users\work2\AppData\Local\Programs\Python\Python36\;C:\Users\work2\AppData\Local\Microsoft\WindowsApps;C:\Users\work2\AppData\Local\Android\sdk\platform-tools;C:\Users\work2\AppData\Local\Android\sdk\tools
USERNAME=work2
OS=Windows_NT
PROCESSOR_IDENTIFIER=Intel64 Family 6 Model 158 Stepping 9, GenuineIntel



---------------  S Y S T E M  ---------------

OS: Windows 10.0 , 64 bit Build 16299 (10.0.16299.15)

CPU:total 4 (initial active 4) (4 cores per cpu, 1 threads per core) family 6 model 158 stepping 9, cmov, cx8, fxsr, mmx, sse, sse2, sse3, ssse3, sse4.1, sse4.2, popcnt, avx, avx2, aes, clmul, erms, rtm, 3dnowpref, lzcnt, tsc, tscinvbit, bmi1, bmi2, adx

Memory: 4k page, physical 8281304k(784928k free), swap 12475608k(3176k free)

vm_info: OpenJDK 64-Bit Server VM (25.152-b01) for windows-amd64 JRE (1.8.0_152-release-915-b01), built by "builder" with MS VC++ 10.0 (VS2010)

time: Tue Jan 09 17:56:53 2018
elapsed time: 0 seconds (0d 0h 0m 0s)

