#
# There is insufficient memory for the Java Runtime Environment to continue.
# Native memory allocation (malloc) failed to allocate 32744 bytes for ChunkPool::allocate
# Possible reasons:
#   The system is out of physical RAM or swap space
#   In 32 bit mode, the process size limit was hit
# Possible solutions:
#   Reduce memory load on the system
#   Increase physical memory or swap space
#   Check if swap backing store is full
#   Use 64 bit Java on a 64 bit OS
#   Decrease Java heap size (-Xmx/-Xms)
#   Decrease number of Java threads
#   Decrease Java thread stack sizes (-Xss)
#   Set larger code cache with -XX:ReservedCodeCacheSize=
# This output file may be truncated or incomplete.
#
#  Out of Memory Error (allocation.cpp:273), pid=14352, tid=0x0000000000002b04
#
# JRE version: OpenJDK Runtime Environment (8.0_152-b01) (build 1.8.0_152-release-915-b01)
# Java VM: OpenJDK 64-Bit Server VM (25.152-b01 mixed mode windows-amd64 compressed oops)
# Failed to write core dump. Minidumps are not enabled by default on client versions of Windows
#

---------------  T H R E A D  ---------------

Current thread (0x0000000016239000):  JavaThread "C2 CompilerThread1" daemon [_thread_in_native, id=11012, stack(0x0000000016930000,0x0000000016a30000)]

Stack: [0x0000000016930000,0x0000000016a30000]
[error occurred during error reporting (printing stack bounds), id 0xc0000005]

Native frames: (J=compiled Java code, j=interpreted, Vv=VM code, C=native code)


Current CompileTask:
C2:    388  382       4       java.lang.AbstractStringBuilder::ensureCapacityInternal (27 bytes)


---------------  P R O C E S S  ---------------

Java Threads: ( => current thread )
  0x000000001629a800 JavaThread "Service Thread" daemon [_thread_blocked, id=20188, stack(0x0000000016b30000,0x0000000016c30000)]
  0x000000001628d000 JavaThread "C1 CompilerThread2" daemon [_thread_blocked, id=608, stack(0x0000000016a30000,0x0000000016b30000)]
=>0x0000000016239000 JavaThread "C2 CompilerThread1" daemon [_thread_in_native, id=11012, stack(0x0000000016930000,0x0000000016a30000)]
  0x0000000014edb000 JavaThread "C2 CompilerThread0" daemon [_thread_blocked, id=20952, stack(0x0000000016830000,0x0000000016930000)]
  0x0000000014eda000 JavaThread "Attach Listener" daemon [_thread_blocked, id=18428, stack(0x0000000016730000,0x0000000016830000)]
  0x0000000014e90000 JavaThread "Signal Dispatcher" daemon [_thread_blocked, id=21464, stack(0x0000000016630000,0x0000000016730000)]
  0x0000000004b1e800 JavaThread "Finalizer" daemon [_thread_blocked, id=8624, stack(0x00000000160d0000,0x00000000161d0000)]
  0x0000000004b13800 JavaThread "Reference Handler" daemon [_thread_blocked, id=2888, stack(0x0000000015fd0000,0x00000000160d0000)]
  0x0000000004a23800 JavaThread "main" [_thread_in_vm, id=20632, stack(0x0000000004920000,0x0000000004a20000)]

Other Threads:
  0x0000000014e45000 VMThread [stack: 0x0000000015ed0000,0x0000000015fd0000] [id=6456]
  0x000000001629c000 WatcherThread [stack: 0x0000000016c30000,0x0000000016d30000] [id=7308]

VM state:not at safepoint (normal execution)

VM Mutex/Monitor currently owned by a thread: None

Heap:
 PSYoungGen      total 18944K, used 7319K [0x00000000feb00000, 0x0000000100000000, 0x0000000100000000)
  eden space 16384K, 44% used [0x00000000feb00000,0x00000000ff225cc0,0x00000000ffb00000)
  from space 2560K, 0% used [0x00000000ffd80000,0x00000000ffd80000,0x0000000100000000)
  to   space 2560K, 0% used [0x00000000ffb00000,0x00000000ffb00000,0x00000000ffd80000)
 ParOldGen       total 44032K, used 0K [0x00000000fc000000, 0x00000000feb00000, 0x00000000feb00000)
  object space 44032K, 0% used [0x00000000fc000000,0x00000000fc000000,0x00000000feb00000)
 Metaspace       used 5942K, capacity 6080K, committed 6144K, reserved 1056768K
  class space    used 688K, capacity 766K, committed 768K, reserved 1048576K

Card table byte_map: [0x0000000002d10000,0x0000000002d40000] byte_map_base: 0x0000000002530000

Marking Bits: (ParMarkBitMap*) 0x000000005d6f3950
 Begin Bits: [0x00000000142e0000, 0x00000000143e0000)
 End Bits:   [0x00000000143e0000, 0x00000000144e0000)

Polling page: 0x0000000002ce0000

CodeCache: size=245760Kb used=1801Kb max_used=1801Kb free=243958Kb
 bounds [0x0000000004b20000, 0x0000000004d90000, 0x0000000013b20000]
 total_blobs=691 nmethods=383 adapters=222
 compilation: enabled

Compilation events (10 events):
Event: 0.382 Thread 0x000000001628d000  362       1       java.lang.invoke.LambdaForm$BasicType::basicTypeChar (5 bytes)
Event: 0.382 Thread 0x000000001628d000 nmethod 362 0x0000000004cd5850 code [0x0000000004cd59a0, 0x0000000004cd5ab0]
Event: 0.382 Thread 0x000000001628d000  363       1       java.lang.invoke.LambdaForm$BasicType::access$100 (5 bytes)
Event: 0.382 Thread 0x000000001628d000 nmethod 363 0x0000000004cd5b10 code [0x0000000004cd5c60, 0x0000000004cd5d50]
Event: 0.382 Thread 0x000000001628d000  361       1       java.lang.invoke.LambdaForm$Name::access$000 (5 bytes)
Event: 0.382 Thread 0x000000001628d000 nmethod 361 0x0000000004cd5dd0 code [0x0000000004cd5f20, 0x0000000004cd6010]
Event: 0.382 Thread 0x000000001628d000  364       1       java.lang.invoke.LambdaForm$BasicType::basicTypeClass (5 bytes)
Event: 0.382 Thread 0x000000001628d000 nmethod 364 0x0000000004cd6090 code [0x0000000004cd61e0, 0x0000000004cd62f0]
Event: 0.382 Thread 0x000000001628d000  365       3       jdk.internal.org.objectweb.asm.Frame::execute (2252 bytes)
Event: 0.385 Thread 0x0000000016239000  382       4       java.lang.AbstractStringBuilder::ensureCapacityInternal (27 bytes)

GC Heap History (0 events):
No events

Deoptimization events (1 events):
Event: 0.299 Thread 0x0000000004a23800 Uncommon trap: reason=range_check action=make_not_entrant pc=0x0000000004ca00a0 method=sun.reflect.generics.parser.SignatureParser.current()C @ 34

Classes redefined (0 events):
No events

Internal exceptions (4 events):
Event: 0.028 Thread 0x0000000004a23800 Exception <a 'java/lang/NoSuchMethodError': Method sun.misc.Unsafe.defineClass(Ljava/lang/String;[BII)Ljava/lang/Class; name or signature does not match> (0x00000000feb07ca8) thrown at [D:\src\AOSP-openjdk-cygwin\jdk8u\hotspot\src\share\vm\prims\jni.cpp, 
Event: 0.028 Thread 0x0000000004a23800 Exception <a 'java/lang/NoSuchMethodError': Method sun.misc.Unsafe.prefetchRead(Ljava/lang/Object;J)V name or signature does not match> (0x00000000feb07f90) thrown at [D:\src\AOSP-openjdk-cygwin\jdk8u\hotspot\src\share\vm\prims\jni.cpp, line 4011]
Event: 0.249 Thread 0x0000000004a23800 Exception <a 'sun/nio/fs/WindowsException'> (0x00000000fed6ea80) thrown at [D:\src\AOSP-openjdk-cygwin\jdk8u\hotspot\src\share\vm\prims\jni.cpp, line 709]
Event: 0.299 Thread 0x0000000004a23800 Exception <a 'java/lang/ArrayIndexOutOfBoundsException': 18> (0x00000000fefc4768) thrown at [D:\src\AOSP-openjdk-cygwin\jdk8u\hotspot\src\share\vm\interpreter\interpreterRuntime.cpp, line 366]

Events (10 events):
Event: 0.377 loading class java/lang/invoke/MethodHandleImpl$AsVarargsCollector
Event: 0.377 loading class java/lang/invoke/DelegatingMethodHandle
Event: 0.377 loading class java/lang/invoke/DelegatingMethodHandle done
Event: 0.377 loading class java/lang/invoke/MethodHandleImpl$AsVarargsCollector done
Event: 0.378 loading class java/lang/invoke/WrongMethodTypeException
Event: 0.378 loading class java/lang/invoke/WrongMethodTypeException done
Event: 0.379 loading class java/lang/invoke/MethodHandleImpl$Lazy
Event: 0.379 loading class java/lang/invoke/MethodHandleImpl$Lazy done
Event: 0.379 loading class java/lang/invoke/MethodHandleImpl$IntrinsicMethodHandle
Event: 0.379 loading class java/lang/invoke/MethodHandleImpl$IntrinsicMethodHandle done


Dynamic libraries:
0x00007ff6f9730000 - 0x00007ff6f9761000 	C:\Program Files\Android\Android Studio\jre\bin\java.exe
0x00007ffae0b30000 - 0x00007ffae0d10000 	C:\WINDOWS\SYSTEM32\ntdll.dll
0x00007ffae0180000 - 0x00007ffae022e000 	C:\WINDOWS\System32\KERNEL32.DLL
0x00007ffadd090000 - 0x00007ffadd2f6000 	C:\WINDOWS\System32\KERNELBASE.dll
0x00007ffade7c0000 - 0x00007ffade861000 	C:\WINDOWS\System32\ADVAPI32.dll
0x00007ffade870000 - 0x00007ffade90d000 	C:\WINDOWS\System32\msvcrt.dll
0x00007ffadea30000 - 0x00007ffadea8b000 	C:\WINDOWS\System32\sechost.dll
0x00007ffade000000 - 0x00007ffade11f000 	C:\WINDOWS\System32\RPCRT4.dll
0x00007ffade1b0000 - 0x00007ffade33f000 	C:\WINDOWS\System32\USER32.dll
0x00007ffaddd90000 - 0x00007ffadddb0000 	C:\WINDOWS\System32\win32u.dll
0x00007ffae0ad0000 - 0x00007ffae0af8000 	C:\WINDOWS\System32\GDI32.dll
0x00007ffadde60000 - 0x00007ffaddff3000 	C:\WINDOWS\System32\gdi32full.dll
0x00007ffadd300000 - 0x00007ffadd39b000 	C:\WINDOWS\System32\msvcp_win.dll
0x00007ffadcf30000 - 0x00007ffadd026000 	C:\WINDOWS\System32\ucrtbase.dll
0x00007ffad5460000 - 0x00007ffad56c9000 	C:\WINDOWS\WinSxS\amd64_microsoft.windows.common-controls_6595b64144ccf1df_6.0.16299.192_none_15c8cdae9364c23b\COMCTL32.dll
0x00007ffade4b0000 - 0x00007ffade7b8000 	C:\WINDOWS\System32\combase.dll
0x00007ffadd5c0000 - 0x00007ffadd632000 	C:\WINDOWS\System32\bcryptPrimitives.dll
0x00007ffadff30000 - 0x00007ffadff5d000 	C:\WINDOWS\System32\IMM32.DLL
0x000000005ce50000 - 0x000000005cf22000 	C:\Program Files\Android\Android Studio\jre\jre\bin\msvcr100.dll
0x000000005cf30000 - 0x000000005d76e000 	C:\Program Files\Android\Android Studio\jre\jre\bin\server\jvm.dll
0x00007ffade180000 - 0x00007ffade188000 	C:\WINDOWS\System32\PSAPI.DLL
0x00007ffabb3e0000 - 0x00007ffabb3e9000 	C:\WINDOWS\SYSTEM32\WSOCK32.dll
0x00007ffade3e0000 - 0x00007ffade44c000 	C:\WINDOWS\System32\WS2_32.dll
0x00007ffadafa0000 - 0x00007ffadafc3000 	C:\WINDOWS\SYSTEM32\WINMM.dll
0x00007ffadbb70000 - 0x00007ffadbb7a000 	C:\WINDOWS\SYSTEM32\VERSION.dll
0x00007ffadaf40000 - 0x00007ffadaf6a000 	C:\WINDOWS\SYSTEM32\WINMMBASE.dll
0x00007ffadd570000 - 0x00007ffadd5ba000 	C:\WINDOWS\System32\cfgmgr32.dll
0x00007ffac5030000 - 0x00007ffac503f000 	C:\Program Files\Android\Android Studio\jre\jre\bin\verify.dll
0x00007ffabc360000 - 0x00007ffabc389000 	C:\Program Files\Android\Android Studio\jre\jre\bin\java.dll
0x00007ffaba590000 - 0x00007ffaba5a6000 	C:\Program Files\Android\Android Studio\jre\jre\bin\zip.dll
0x00007ffadeaf0000 - 0x00007ffadff26000 	C:\WINDOWS\System32\SHELL32.dll
0x00007ffae0950000 - 0x00007ffae09f6000 	C:\WINDOWS\System32\shcore.dll
0x00007ffadd640000 - 0x00007ffaddd87000 	C:\WINDOWS\System32\windows.storage.dll
0x00007ffade120000 - 0x00007ffade171000 	C:\WINDOWS\System32\shlwapi.dll
0x00007ffadcea0000 - 0x00007ffadceb1000 	C:\WINDOWS\System32\kernel.appcore.dll
0x00007ffadcee0000 - 0x00007ffadcf2c000 	C:\WINDOWS\System32\powrprof.dll
0x00007ffadcec0000 - 0x00007ffadcedb000 	C:\WINDOWS\System32\profapi.dll
0x00007ffadc870000 - 0x00007ffadc887000 	C:\WINDOWS\SYSTEM32\CRYPTSP.dll
0x00007ffadc2c0000 - 0x00007ffadc2f3000 	C:\WINDOWS\system32\rsaenh.dll
0x00007ffadc970000 - 0x00007ffadc995000 	C:\WINDOWS\SYSTEM32\bcrypt.dll
0x00007ffadcd80000 - 0x00007ffadcda9000 	C:\WINDOWS\SYSTEM32\USERENV.dll
0x00007ffadcd70000 - 0x00007ffadcd7b000 	C:\WINDOWS\SYSTEM32\CRYPTBASE.dll
0x00007ffaba570000 - 0x00007ffaba58a000 	C:\Program Files\Android\Android Studio\jre\jre\bin\net.dll
0x00007ffadc6b0000 - 0x00007ffadc716000 	C:\WINDOWS\system32\mswsock.dll
0x00007ffadc440000 - 0x00007ffadc479000 	C:\WINDOWS\SYSTEM32\IPHLPAPI.DLL
0x00007ffae04f0000 - 0x00007ffae04f8000 	C:\WINDOWS\System32\NSI.dll
0x00007ffad3200000 - 0x00007ffad3216000 	C:\WINDOWS\SYSTEM32\dhcpcsvc6.DLL
0x00007ffad2ed0000 - 0x00007ffad2eea000 	C:\WINDOWS\SYSTEM32\dhcpcsvc.DLL
0x00007ffaba4b0000 - 0x00007ffaba4c1000 	C:\Program Files\Android\Android Studio\jre\jre\bin\nio.dll

VM Arguments:
jvm_args: -Djava.awt.headless=true -Xmx64M -Dfile.encoding=GBK -Duser.country=CN -Duser.language=zh -Duser.variant 
java_command: com.google.devtools.build.android.desugar.Desugar --input C:\kb260\gitSpaceNew\bxjy\app\build\intermediates\transforms\stackFramesFixer\debug\11.jar --output C:\kb260\gitSpaceNew\bxjy\app\build\intermediates\transforms\desugar\debug\12.jar --input C:\kb260\gitSpaceNew\bxjy\app\build\intermediates\transforms\stackFramesFixer\debug\18.jar --output C:\kb260\gitSpaceNew\bxjy\app\build\intermediates\transforms\desugar\debug\19.jar --input C:\kb260\gitSpaceNew\bxjy\app\build\intermediates\transforms\stackFramesFixer\debug\20.jar --output C:\kb260\gitSpaceNew\bxjy\app\build\intermediates\transforms\desugar\debug\21.jar --input C:\kb260\gitSpaceNew\bxjy\app\build\intermediates\transforms\stackFramesFixer\debug\13.jar --output C:\kb260\gitSpaceNew\bxjy\app\build\intermediates\transforms\desugar\debug\14.jar --input C:\kb260\gitSpaceNew\bxjy\app\build\intermediates\transforms\stackFramesFixer\debug\14.jar --output C:\kb260\gitSpaceNew\bxjy\app\build\intermediates\transforms\desugar\debug\15.jar --input C:\kb260\gitSpaceNew\bxjy\app\build\intermediates\transforms\stackFramesFixer\debug\22.jar --output C:\kb260\gitSpaceNew\bxjy\app\build\intermediates\transforms\desugar\debug\23.jar --classpath_entry C:\kb260\gitSpaceNew\bxjy\app\build\intermediates\classes\debug --classpath_entry C:\kb260\gitSpaceNew\bxjy\app\build\intermediates\transforms\stackFramesFixer\debug\0.jar --classpath_entry C:\kb260\gitSpaceNew\bxjy\app\build\intermediates\transforms\stackFramesFixer\debug\1.jar --classpath_entry C:\kb260\gitSpaceNew\bxjy\app\build\intermediates\transforms\stackFramesFixer\debug\2.jar --classpath_entry C:\kb260\gitSpaceNew\bxjy\app\build\intermediates\transforms\stackFramesFixer\debug\3.jar --classpath_entry C:\kb260\gitSpaceNew\bxjy\app\build\intermediates\transforms\stackFramesFixer\debug\4.jar --classpath_entry C:\kb260\gitSpaceNew\bxjy\app\build\intermediates\transforms\stackFramesFixer\debug\5.jar --classpath_entry C:\kb260\gitSpaceNew\bxjy\app\build\intermedia
java_class_path (initial): C:\Users\work2\AppData\Local\Temp\desugar_deploy.jar8105328668599003980
Launcher Type: SUN_STANDARD

Environment Variables:
JAVA_HOME=C:\Program Files\Java\jdk1.8.0_144
CLASSPATH=C:\Program Files\Java\jdk1.8.0_144\lib\dt.jar;C:\Program Files\Java\jdk1.8.0_144\lib\tools.jar
PATH=C:\Program Files (x86)\Intel\iCLS Client\;C:\ProgramData\Oracle\Java\javapath;C:\Program Files\Intel\iCLS Client\;C:\WINDOWS\system32;C:\WINDOWS;C:\WINDOWS\System32\Wbem;C:\WINDOWS\System32\WindowsPowerShell\v1.0\;C:\Program Files\Java\jdk1.8.0_144\bin;C:\Program Files\Java\jdk1.8.0_144\jre\bin;C:\Program Files\Git\cmd;C:\Program Files (x86)\Intel\Intel(R) Management Engine Components\DAL;C:\Program Files\Intel\Intel(R) Management Engine Components\DAL;C:\Program Files (x86)\Intel\Intel(R) Management Engine Components\IPT;C:\Program Files\Intel\Intel(R) Management Engine Components\IPT;C:\Program Files\nodejs\;C:\Users\work2\AppData\Local\Programs\Python\Python36\Scripts\;C:\Users\work2\AppData\Local\Programs\Python\Python36\;C:\Users\work2\AppData\Local\Microsoft\WindowsApps;C:\Users\work2\AppData\Local\Android\sdk\platform-tools;C:\Users\work2\AppData\Local\Android\sdk\tools;C:\Users\work2\AppData\Roaming\npm
USERNAME=work2
OS=Windows_NT
PROCESSOR_IDENTIFIER=Intel64 Family 6 Model 158 Stepping 9, GenuineIntel



---------------  S Y S T E M  ---------------

OS: Windows 10.0 , 64 bit Build 16299 (10.0.16299.15)

CPU:total 4 (initial active 4) (4 cores per cpu, 1 threads per core) family 6 model 158 stepping 9, cmov, cx8, fxsr, mmx, sse, sse2, sse3, ssse3, sse4.1, sse4.2, popcnt, avx, avx2, aes, clmul, erms, rtm, 3dnowpref, lzcnt, tsc, tscinvbit, bmi1, bmi2, adx

Memory: 4k page, physical 8281304k(904788k free), swap 12475608k(7508k free)

vm_info: OpenJDK 64-Bit Server VM (25.152-b01) for windows-amd64 JRE (1.8.0_152-release-915-b01), built by "builder" with MS VC++ 10.0 (VS2010)

time: Wed Jan 31 16:40:31 2018
elapsed time: 0 seconds (0d 0h 0m 0s)

