#
# There is insufficient memory for the Java Runtime Environment to continue.
# Native memory allocation (malloc) failed to allocate 32744 bytes for ChunkPool::allocate
# Possible reasons:
#   The system is out of physical RAM or swap space
#   In 32 bit mode, the process size limit was hit
# Possible solutions:
#   Reduce memory load on the system
#   Increase physical memory or swap space
#   Check if swap backing store is full
#   Use 64 bit Java on a 64 bit OS
#   Decrease Java heap size (-Xmx/-Xms)
#   Decrease number of Java threads
#   Decrease Java thread stack sizes (-Xss)
#   Set larger code cache with -XX:ReservedCodeCacheSize=
# This output file may be truncated or incomplete.
#
#  Out of Memory Error (allocation.cpp:273), pid=1148, tid=0x0000000000003a68
#
# JRE version: OpenJDK Runtime Environment (8.0_152-b01) (build 1.8.0_152-release-915-b01)
# Java VM: OpenJDK 64-Bit Server VM (25.152-b01 mixed mode windows-amd64 compressed oops)
# Failed to write core dump. Minidumps are not enabled by default on client versions of Windows
#

---------------  T H R E A D  ---------------

Current thread (0x0000000004f23800):  JavaThread "main" [_thread_in_vm, id=14952, stack(0x0000000004d70000,0x0000000004e70000)]

Stack: [0x0000000004d70000,0x0000000004e70000]
[error occurred during error reporting (printing stack bounds), id 0xc0000005]

Native frames: (J=compiled Java code, j=interpreted, Vv=VM code, C=native code)

Java frames: (J=compiled Java code, j=interpreted, Vv=VM code)
j  java.lang.invoke.MethodHandleNatives.resolve(Ljava/lang/invoke/MemberName;Ljava/lang/Class;)Ljava/lang/invoke/MemberName;+0
j  java.lang.invoke.MemberName$Factory.resolve(BLjava/lang/invoke/MemberName;Ljava/lang/Class;)Ljava/lang/invoke/MemberName;+32
j  java.lang.invoke.MemberName$Factory.resolveOrFail(BLjava/lang/invoke/MemberName;Ljava/lang/Class;Ljava/lang/Class;)Ljava/lang/invoke/MemberName;+4
j  java.lang.invoke.DirectMethodHandle.makePreparedLambdaForm(Ljava/lang/invoke/MethodType;I)Ljava/lang/invoke/LambdaForm;+222
j  java.lang.invoke.DirectMethodHandle.preparedLambdaForm(Ljava/lang/invoke/MethodType;I)Ljava/lang/invoke/LambdaForm;+17
j  java.lang.invoke.DirectMethodHandle.preparedLambdaForm(Ljava/lang/invoke/MemberName;)Ljava/lang/invoke/LambdaForm;+151
j  java.lang.invoke.DirectMethodHandle.make(BLjava/lang/Class;Ljava/lang/invoke/MemberName;)Ljava/lang/invoke/DirectMethodHandle;+94
j  java.lang.invoke.MethodHandles$Lookup.getDirectMethodCommon(BLjava/lang/Class;Ljava/lang/invoke/MemberName;ZZLjava/lang/Class;)Ljava/lang/invoke/MethodHandle;+201
j  java.lang.invoke.MethodHandles$Lookup.getDirectMethod(BLjava/lang/Class;Ljava/lang/invoke/MemberName;Ljava/lang/Class;)Ljava/lang/invoke/MethodHandle;+8
j  java.lang.invoke.MethodHandles$Lookup.findStatic(Ljava/lang/Class;Ljava/lang/String;Ljava/lang/invoke/MethodType;)Ljava/lang/invoke/MethodHandle;+23
j  java.lang.invoke.MethodHandleImpl.findCollector(Ljava/lang/String;ILjava/lang/Class;[Ljava/lang/Class;)Ljava/lang/invoke/MethodHandle;+23
j  java.lang.invoke.MethodHandleImpl.makeFillArrays()[Ljava/lang/invoke/MethodHandle;+36
j  java.lang.invoke.MethodHandleImpl.access$100()[Ljava/lang/invoke/MethodHandle;+0
j  java.lang.invoke.MethodHandleImpl$Lazy.<clinit>()V+11
v  ~StubRoutines::call_stub
j  java.lang.invoke.MethodHandleImpl.varargsArray(I)Ljava/lang/invoke/MethodHandle;+0
j  java.lang.invoke.MethodHandleImpl.varargsArray(Ljava/lang/Class;I)Ljava/lang/invoke/MethodHandle;+121
j  java.lang.invoke.MethodHandle.asCollector(Ljava/lang/Class;I)Ljava/lang/invoke/MethodHandle;+36
j  java.lang.invoke.MethodHandleImpl$AsVarargsCollector.<init>(Ljava/lang/invoke/MethodType;Ljava/lang/invoke/MethodHandle;Ljava/lang/Class;)V+20
j  java.lang.invoke.MethodHandleImpl$AsVarargsCollector.<init>(Ljava/lang/invoke/MethodHandle;Ljava/lang/Class;)V+7
j  java.lang.invoke.MethodHandleImpl.makeVarargsCollector(Ljava/lang/invoke/MethodHandle;Ljava/lang/Class;)Ljava/lang/invoke/MethodHandle;+43
j  java.lang.invoke.MethodHandle.setVarargs(Ljava/lang/invoke/MemberName;)Ljava/lang/invoke/MethodHandle;+26
j  java.lang.invoke.MethodHandles$Lookup.getDirectMethodCommon(BLjava/lang/Class;Ljava/lang/invoke/MemberName;ZZLjava/lang/Class;)Ljava/lang/invoke/MethodHandle;+263
j  java.lang.invoke.MethodHandles$Lookup.getDirectMethod(BLjava/lang/Class;Ljava/lang/invoke/MemberName;Ljava/lang/Class;)Ljava/lang/invoke/MethodHandle;+8
j  java.lang.invoke.MethodHandles$Lookup.findStatic(Ljava/lang/Class;Ljava/lang/String;Ljava/lang/invoke/MethodType;)Ljava/lang/invoke/MethodHandle;+23
j  java.lang.invoke.CallSite.<clinit>()V+35
v  ~StubRoutines::call_stub
j  java.lang.invoke.MethodHandleNatives.linkCallSiteImpl(Ljava/lang/Class;Ljava/lang/invoke/MethodHandle;Ljava/lang/String;Ljava/lang/invoke/MethodType;Ljava/lang/Object;[Ljava/lang/Object;)Ljava/lang/invoke/MemberName;+6
j  java.lang.invoke.MethodHandleNatives.linkCallSite(Ljava/lang/Object;Ljava/lang/Object;Ljava/lang/Object;Ljava/lang/Object;Ljava/lang/Object;[Ljava/lang/Object;)Ljava/lang/invoke/MemberName;+45
v  ~StubRoutines::call_stub
j  com.google.devtools.common.options.OptionsParser.parse(Lcom/google/devtools/common/options/OptionPriority;Ljava/lang/String;Ljava/util/List;)V+3
j  com.google.devtools.common.options.OptionsParser.parseAndExitUponError(Lcom/google/devtools/common/options/OptionPriority;Ljava/lang/String;[Ljava/lang/String;)V+68
j  com.google.devtools.common.options.OptionsParser.parseAndExitUponError([Ljava/lang/String;)V+7
j  com.google.devtools.build.android.desugar.Desugar.parseCommandLineOptions([Ljava/lang/String;)Lcom/google/devtools/build/android/desugar/Desugar$Options;+63
j  com.google.devtools.build.android.desugar.Desugar.main([Ljava/lang/String;)V+9
v  ~StubRoutines::call_stub

---------------  P R O C E S S  ---------------

Java Threads: ( => current thread )
  0x00000000167ba800 JavaThread "Service Thread" daemon [_thread_blocked, id=6012, stack(0x0000000017040000,0x0000000017140000)]
  0x0000000016750000 JavaThread "C1 CompilerThread2" daemon [_thread_in_native, id=18580, stack(0x0000000016f40000,0x0000000017040000)]
  0x0000000016749000 JavaThread "C2 CompilerThread1" daemon [_thread_blocked, id=17180, stack(0x0000000016e40000,0x0000000016f40000)]
  0x00000000153db000 JavaThread "C2 CompilerThread0" daemon [_thread_blocked, id=8464, stack(0x0000000016d40000,0x0000000016e40000)]
  0x00000000153da000 JavaThread "Attach Listener" daemon [_thread_blocked, id=9844, stack(0x0000000016c40000,0x0000000016d40000)]
  0x0000000015390000 JavaThread "Signal Dispatcher" daemon [_thread_blocked, id=17836, stack(0x0000000016b40000,0x0000000016c40000)]
  0x0000000015368800 JavaThread "Finalizer" daemon [_thread_blocked, id=16268, stack(0x00000000165e0000,0x00000000166e0000)]
  0x0000000005013800 JavaThread "Reference Handler" daemon [_thread_blocked, id=9816, stack(0x00000000164e0000,0x00000000165e0000)]
=>0x0000000004f23800 JavaThread "main" [_thread_in_vm, id=14952, stack(0x0000000004d70000,0x0000000004e70000)]

Other Threads:
  0x0000000015345000 VMThread [stack: 0x00000000163e0000,0x00000000164e0000] [id=11260]
  0x00000000167ef800 WatcherThread [stack: 0x0000000017140000,0x0000000017240000] [id=15252]

VM state:not at safepoint (normal execution)

VM Mutex/Monitor currently owned by a thread: None

Heap:
 PSYoungGen      total 18944K, used 7667K [0x00000000feb00000, 0x0000000100000000, 0x0000000100000000)
  eden space 16384K, 46% used [0x00000000feb00000,0x00000000ff27ce08,0x00000000ffb00000)
  from space 2560K, 0% used [0x00000000ffd80000,0x00000000ffd80000,0x0000000100000000)
  to   space 2560K, 0% used [0x00000000ffb00000,0x00000000ffb00000,0x00000000ffd80000)
 ParOldGen       total 44032K, used 0K [0x00000000fc000000, 0x00000000feb00000, 0x00000000feb00000)
  object space 44032K, 0% used [0x00000000fc000000,0x00000000fc000000,0x00000000feb00000)
 Metaspace       used 5976K, capacity 6090K, committed 6272K, reserved 1056768K
  class space    used 691K, capacity 771K, committed 896K, reserved 1048576K

Card table byte_map: [0x0000000004e80000,0x0000000004eb0000] byte_map_base: 0x00000000046a0000

Marking Bits: (ParMarkBitMap*) 0x000000005d6f3950
 Begin Bits: [0x00000000147e0000, 0x00000000148e0000)
 End Bits:   [0x00000000148e0000, 0x00000000149e0000)

Polling page: 0x0000000002e40000

CodeCache: size=245760Kb used=1823Kb max_used=1823Kb free=243936Kb
 bounds [0x0000000005020000, 0x0000000005290000, 0x0000000014020000]
 total_blobs=705 nmethods=397 adapters=222
 compilation: enabled

Compilation events (10 events):
Event: 0.415 Thread 0x0000000016750000 nmethod 381 0x00000000051e1350 code [0x00000000051e14e0, 0x00000000051e19e8]
Event: 0.415 Thread 0x0000000016750000  382       3       jdk.internal.org.objectweb.asm.Type::getType (269 bytes)
Event: 0.415 Thread 0x0000000016750000 nmethod 382 0x00000000051e1bd0 code [0x00000000051e1dc0, 0x00000000051e26b0]
Event: 0.415 Thread 0x0000000016750000  383       3       java.lang.invoke.LambdaForm::argument (27 bytes)
Event: 0.415 Thread 0x0000000016750000 nmethod 383 0x00000000051e2c10 code [0x00000000051e2da0, 0x00000000051e3108]
Event: 0.415 Thread 0x0000000016750000  388       3       java.lang.invoke.InvokerBytecodeGenerator::isStaticallyNameable (116 bytes)
Event: 0.416 Thread 0x0000000016750000 nmethod 388 0x00000000051e3a90 code [0x00000000051e3de0, 0x00000000051e5d98]
Event: 0.416 Thread 0x0000000016750000  389       3       jdk.internal.org.objectweb.asm.Item::isEqualTo (354 bytes)
Event: 0.416 Thread 0x0000000016750000 nmethod 389 0x00000000051e6d10 code [0x00000000051e6f40, 0x00000000051e7c08]
Event: 0.416 Thread 0x0000000016750000  392       3       jdk.internal.org.objectweb.asm.Frame::execute (2252 bytes)

GC Heap History (0 events):
No events

Deoptimization events (1 events):
Event: 0.312 Thread 0x0000000004f23800 Uncommon trap: reason=range_check action=make_not_entrant pc=0x00000000051a0520 method=sun.reflect.generics.parser.SignatureParser.current()C @ 34

Classes redefined (0 events):
No events

Internal exceptions (6 events):
Event: 0.020 Thread 0x0000000004f23800 Exception <a 'java/lang/NoSuchMethodError': Method sun.misc.Unsafe.defineClass(Ljava/lang/String;[BII)Ljava/lang/Class; name or signature does not match> (0x00000000feb07ca8) thrown at [D:\src\AOSP-openjdk-cygwin\jdk8u\hotspot\src\share\vm\prims\jni.cpp, 
Event: 0.020 Thread 0x0000000004f23800 Exception <a 'java/lang/NoSuchMethodError': Method sun.misc.Unsafe.prefetchRead(Ljava/lang/Object;J)V name or signature does not match> (0x00000000feb07f90) thrown at [D:\src\AOSP-openjdk-cygwin\jdk8u\hotspot\src\share\vm\prims\jni.cpp, line 4011]
Event: 0.236 Thread 0x0000000004f23800 Exception <a 'sun/nio/fs/WindowsException'> (0x00000000fed6d9d0) thrown at [D:\src\AOSP-openjdk-cygwin\jdk8u\hotspot\src\share\vm\prims\jni.cpp, line 709]
Event: 0.312 Thread 0x0000000004f23800 Exception <a 'java/lang/ArrayIndexOutOfBoundsException': 18> (0x00000000fefc3d60) thrown at [D:\src\AOSP-openjdk-cygwin\jdk8u\hotspot\src\share\vm\interpreter\interpreterRuntime.cpp, line 366]
Event: 0.313 Thread 0x0000000004f23800 Exception <a 'java/lang/ArrayIndexOutOfBoundsException': 67> (0x00000000fefc4c68) thrown at [D:\src\AOSP-openjdk-cygwin\jdk8u\hotspot\src\share\vm\interpreter\interpreterRuntime.cpp, line 366]
Event: 0.417 Thread 0x0000000004f23800 Exception <a 'java/lang/NoSuchFieldError': method resolution failed> (0x00000000ff22ecc0) thrown at [D:\src\AOSP-openjdk-cygwin\jdk8u\hotspot\src\share\vm\prims\methodHandles.cpp, line 1167]

Events (10 events):
Event: 0.375 loading class java/lang/invoke/DelegatingMethodHandle done
Event: 0.375 loading class java/lang/invoke/MethodHandleImpl$AsVarargsCollector done
Event: 0.376 loading class java/lang/invoke/WrongMethodTypeException
Event: 0.376 loading class java/lang/invoke/WrongMethodTypeException done
Event: 0.377 loading class java/lang/invoke/MethodHandleImpl$Lazy
Event: 0.377 loading class java/lang/invoke/MethodHandleImpl$Lazy done
Event: 0.377 loading class java/lang/invoke/MethodHandleImpl$IntrinsicMethodHandle
Event: 0.377 loading class java/lang/invoke/MethodHandleImpl$IntrinsicMethodHandle done
Event: 0.417 loading class java/lang/NoSuchFieldError
Event: 0.417 loading class java/lang/NoSuchFieldError done


Dynamic libraries:
0x00007ff6f9730000 - 0x00007ff6f9761000 	C:\Program Files\Android\Android Studio\jre\bin\java.exe
0x00007ffae0b30000 - 0x00007ffae0d10000 	C:\WINDOWS\SYSTEM32\ntdll.dll
0x00007ffae0180000 - 0x00007ffae022e000 	C:\WINDOWS\System32\KERNEL32.DLL
0x00007ffadd090000 - 0x00007ffadd2f6000 	C:\WINDOWS\System32\KERNELBASE.dll
0x00007ffade7c0000 - 0x00007ffade861000 	C:\WINDOWS\System32\ADVAPI32.dll
0x00007ffade870000 - 0x00007ffade90d000 	C:\WINDOWS\System32\msvcrt.dll
0x00007ffadea30000 - 0x00007ffadea8b000 	C:\WINDOWS\System32\sechost.dll
0x00007ffade000000 - 0x00007ffade11f000 	C:\WINDOWS\System32\RPCRT4.dll
0x00007ffade1b0000 - 0x00007ffade33f000 	C:\WINDOWS\System32\USER32.dll
0x00007ffaddd90000 - 0x00007ffadddb0000 	C:\WINDOWS\System32\win32u.dll
0x00007ffae0ad0000 - 0x00007ffae0af8000 	C:\WINDOWS\System32\GDI32.dll
0x00007ffadde60000 - 0x00007ffaddff3000 	C:\WINDOWS\System32\gdi32full.dll
0x00007ffadd300000 - 0x00007ffadd39b000 	C:\WINDOWS\System32\msvcp_win.dll
0x00007ffadcf30000 - 0x00007ffadd026000 	C:\WINDOWS\System32\ucrtbase.dll
0x00007ffad5460000 - 0x00007ffad56c9000 	C:\WINDOWS\WinSxS\amd64_microsoft.windows.common-controls_6595b64144ccf1df_6.0.16299.192_none_15c8cdae9364c23b\COMCTL32.dll
0x00007ffade4b0000 - 0x00007ffade7b8000 	C:\WINDOWS\System32\combase.dll
0x00007ffadd5c0000 - 0x00007ffadd632000 	C:\WINDOWS\System32\bcryptPrimitives.dll
0x00007ffadff30000 - 0x00007ffadff5d000 	C:\WINDOWS\System32\IMM32.DLL
0x000000005ce50000 - 0x000000005cf22000 	C:\Program Files\Android\Android Studio\jre\jre\bin\msvcr100.dll
0x000000005cf30000 - 0x000000005d76e000 	C:\Program Files\Android\Android Studio\jre\jre\bin\server\jvm.dll
0x00007ffade180000 - 0x00007ffade188000 	C:\WINDOWS\System32\PSAPI.DLL
0x00007ffadafa0000 - 0x00007ffadafc3000 	C:\WINDOWS\SYSTEM32\WINMM.dll
0x00007ffabb3e0000 - 0x00007ffabb3e9000 	C:\WINDOWS\SYSTEM32\WSOCK32.dll
0x00007ffade3e0000 - 0x00007ffade44c000 	C:\WINDOWS\System32\WS2_32.dll
0x00007ffadbb70000 - 0x00007ffadbb7a000 	C:\WINDOWS\SYSTEM32\VERSION.dll
0x00007ffadaf40000 - 0x00007ffadaf6a000 	C:\WINDOWS\SYSTEM32\winmmbase.dll
0x00007ffadd570000 - 0x00007ffadd5ba000 	C:\WINDOWS\System32\cfgmgr32.dll
0x00007ffac5030000 - 0x00007ffac503f000 	C:\Program Files\Android\Android Studio\jre\jre\bin\verify.dll
0x00007ffabc360000 - 0x00007ffabc389000 	C:\Program Files\Android\Android Studio\jre\jre\bin\java.dll
0x00007ffaba590000 - 0x00007ffaba5a6000 	C:\Program Files\Android\Android Studio\jre\jre\bin\zip.dll
0x00007ffadeaf0000 - 0x00007ffadff26000 	C:\WINDOWS\System32\SHELL32.dll
0x00007ffae0950000 - 0x00007ffae09f6000 	C:\WINDOWS\System32\shcore.dll
0x00007ffadd640000 - 0x00007ffaddd87000 	C:\WINDOWS\System32\windows.storage.dll
0x00007ffade120000 - 0x00007ffade171000 	C:\WINDOWS\System32\shlwapi.dll
0x00007ffadcea0000 - 0x00007ffadceb1000 	C:\WINDOWS\System32\kernel.appcore.dll
0x00007ffadcee0000 - 0x00007ffadcf2c000 	C:\WINDOWS\System32\powrprof.dll
0x00007ffadcec0000 - 0x00007ffadcedb000 	C:\WINDOWS\System32\profapi.dll
0x00007ffadc870000 - 0x00007ffadc887000 	C:\WINDOWS\SYSTEM32\CRYPTSP.dll
0x00007ffadc2c0000 - 0x00007ffadc2f3000 	C:\WINDOWS\system32\rsaenh.dll
0x00007ffadc970000 - 0x00007ffadc995000 	C:\WINDOWS\SYSTEM32\bcrypt.dll
0x00007ffadcd80000 - 0x00007ffadcda9000 	C:\WINDOWS\SYSTEM32\USERENV.dll
0x00007ffadcd70000 - 0x00007ffadcd7b000 	C:\WINDOWS\SYSTEM32\CRYPTBASE.dll
0x00007ffaba570000 - 0x00007ffaba58a000 	C:\Program Files\Android\Android Studio\jre\jre\bin\net.dll
0x00007ffadc6b0000 - 0x00007ffadc716000 	C:\WINDOWS\system32\mswsock.dll
0x00007ffadc440000 - 0x00007ffadc479000 	C:\WINDOWS\SYSTEM32\IPHLPAPI.DLL
0x00007ffae04f0000 - 0x00007ffae04f8000 	C:\WINDOWS\System32\NSI.dll
0x00007ffad3200000 - 0x00007ffad3216000 	C:\WINDOWS\SYSTEM32\dhcpcsvc6.DLL
0x00007ffad2ed0000 - 0x00007ffad2eea000 	C:\WINDOWS\SYSTEM32\dhcpcsvc.DLL
0x00007ffaba4b0000 - 0x00007ffaba4c1000 	C:\Program Files\Android\Android Studio\jre\jre\bin\nio.dll

VM Arguments:
jvm_args: -Djava.awt.headless=true -Xmx64M -Dfile.encoding=GBK -Duser.country=CN -Duser.language=zh -Duser.variant 
java_command: com.google.devtools.build.android.desugar.Desugar --input C:\kb260\gitSpaceNew\bxjy\app\build\intermediates\transforms\stackFramesFixer\debug\11.jar --output C:\kb260\gitSpaceNew\bxjy\app\build\intermediates\transforms\desugar\debug\12.jar --input C:\kb260\gitSpaceNew\bxjy\app\build\intermediates\transforms\stackFramesFixer\debug\9.jar --output C:\kb260\gitSpaceNew\bxjy\app\build\intermediates\transforms\desugar\debug\10.jar --input C:\kb260\gitSpaceNew\bxjy\app\build\intermediates\transforms\stackFramesFixer\debug\19.jar --output C:\kb260\gitSpaceNew\bxjy\app\build\intermediates\transforms\desugar\debug\20.jar --input C:\kb260\gitSpaceNew\bxjy\app\build\intermediates\transforms\stackFramesFixer\debug\5.jar --output C:\kb260\gitSpaceNew\bxjy\app\build\intermediates\transforms\desugar\debug\6.jar --input C:\kb260\gitSpaceNew\bxjy\app\build\intermediates\transforms\stackFramesFixer\debug\12.jar --output C:\kb260\gitSpaceNew\bxjy\app\build\intermediates\transforms\desugar\debug\13.jar --input C:\kb260\gitSpaceNew\bxjy\app\build\intermediates\transforms\stackFramesFixer\debug\21.jar --output C:\kb260\gitSpaceNew\bxjy\app\build\intermediates\transforms\desugar\debug\22.jar --classpath_entry C:\kb260\gitSpaceNew\bxjy\app\build\intermediates\classes\debug --classpath_entry C:\kb260\gitSpaceNew\bxjy\app\build\intermediates\transforms\stackFramesFixer\debug\0.jar --classpath_entry C:\kb260\gitSpaceNew\bxjy\app\build\intermediates\transforms\stackFramesFixer\debug\1.jar --classpath_entry C:\kb260\gitSpaceNew\bxjy\app\build\intermediates\transforms\stackFramesFixer\debug\2.jar --classpath_entry C:\kb260\gitSpaceNew\bxjy\app\build\intermediates\transforms\stackFramesFixer\debug\3.jar --classpath_entry C:\kb260\gitSpaceNew\bxjy\app\build\intermediates\transforms\stackFramesFixer\debug\4.jar --classpath_entry C:\kb260\gitSpaceNew\bxjy\app\build\intermediates\transforms\stackFramesFixer\debug\5.jar --classpath_entry C:\kb260\gitSpaceNew\bxjy\app\build\intermediates
java_class_path (initial): C:\Users\work2\AppData\Local\Temp\desugar_deploy.jar8105328668599003980
Launcher Type: SUN_STANDARD

Environment Variables:
JAVA_HOME=C:\Program Files\Java\jdk1.8.0_144
CLASSPATH=C:\Program Files\Java\jdk1.8.0_144\lib\dt.jar;C:\Program Files\Java\jdk1.8.0_144\lib\tools.jar
PATH=C:\Program Files (x86)\Intel\iCLS Client\;C:\ProgramData\Oracle\Java\javapath;C:\Program Files\Intel\iCLS Client\;C:\WINDOWS\system32;C:\WINDOWS;C:\WINDOWS\System32\Wbem;C:\WINDOWS\System32\WindowsPowerShell\v1.0\;C:\Program Files\Java\jdk1.8.0_144\bin;C:\Program Files\Java\jdk1.8.0_144\jre\bin;C:\Program Files\Git\cmd;C:\Program Files (x86)\Intel\Intel(R) Management Engine Components\DAL;C:\Program Files\Intel\Intel(R) Management Engine Components\DAL;C:\Program Files (x86)\Intel\Intel(R) Management Engine Components\IPT;C:\Program Files\Intel\Intel(R) Management Engine Components\IPT;C:\Program Files\nodejs\;C:\Users\work2\AppData\Local\Programs\Python\Python36\Scripts\;C:\Users\work2\AppData\Local\Programs\Python\Python36\;C:\Users\work2\AppData\Local\Microsoft\WindowsApps;C:\Users\work2\AppData\Local\Android\sdk\platform-tools;C:\Users\work2\AppData\Local\Android\sdk\tools;C:\Users\work2\AppData\Roaming\npm
USERNAME=work2
OS=Windows_NT
PROCESSOR_IDENTIFIER=Intel64 Family 6 Model 158 Stepping 9, GenuineIntel



---------------  S Y S T E M  ---------------

OS: Windows 10.0 , 64 bit Build 16299 (10.0.16299.15)

CPU:total 4 (initial active 4) (4 cores per cpu, 1 threads per core) family 6 model 158 stepping 9, cmov, cx8, fxsr, mmx, sse, sse2, sse3, ssse3, sse4.1, sse4.2, popcnt, avx, avx2, aes, clmul, erms, rtm, 3dnowpref, lzcnt, tsc, tscinvbit, bmi1, bmi2, adx

Memory: 4k page, physical 8281304k(610028k free), swap 12475608k(1244k free)

vm_info: OpenJDK 64-Bit Server VM (25.152-b01) for windows-amd64 JRE (1.8.0_152-release-915-b01), built by "builder" with MS VC++ 10.0 (VS2010)

time: Wed Jan 31 16:39:31 2018
elapsed time: 0 seconds (0d 0h 0m 0s)

